<?xml version="1.0" encoding="UTF-8"?>
<!-- Generated by org.testng.reporters.JUnitReportReporter -->
<testsuite hostname="DESKTOP-T2IQA0G" failures="0" tests="1" name="orangeHRM.TestCases.AdminTest" time="11.116" errors="0" timestamp="2023-05-21T11:16:03 IST" skipped="0">
  <testcase classname="orangeHRM.TestCases.AdminTest" name="verifyAdminLink" time="11.116"/>
  <system-out/>
</testsuite> <!-- orangeHRM.TestCases.AdminTest -->
